Using pre-set license
Built from '2022.3/staging' branch; Version is '2022.3.2f1 (d74737c6db50) revision 14108471'; Using compiler version '192829333'; Build Type 'Release'
OS: 'Windows 10  (10.0.19045) 64bit Core' Language: 'ko' Physical Memory: 3981 MB
BatchMode: 1, IsHumanControllingUs: 0, StartBugReporterOnCrash: 0, Is64bit: 1, IsPro: 1

COMMAND LINE ARGUMENTS:
C:\Program Files\Unity\Hub\Editor\2022.3.2f1\Editor\Unity.exe
-adb2
-batchMode
-noUpm
-name
AssetImportWorker0
-projectPath
D:/Fork/MDPR/MusoDolf_01
-logFile
Logs/AssetImportWorker0.log
-srvPort
3282
Successfully changed project path to: D:/Fork/MDPR/MusoDolf_01
D:/Fork/MDPR/MusoDolf_01
[UnityMemory] Configuration Parameters - Can be set up in boot.config
    "memorysetup-bucket-allocator-granularity=16"
    "memorysetup-bucket-allocator-bucket-count=8"
    "memorysetup-bucket-allocator-block-size=33554432"
    "memorysetup-bucket-allocator-block-count=8"
    "memorysetup-main-allocator-block-size=16777216"
    "memorysetup-thread-allocator-block-size=16777216"
    "memorysetup-gfx-main-allocator-block-size=16777216"
    "memorysetup-gfx-thread-allocator-block-size=16777216"
    "memorysetup-cache-allocator-block-size=4194304"
    "memorysetup-typetree-allocator-block-size=2097152"
    "memorysetup-profiler-bucket-allocator-granularity=16"
    "memorysetup-profiler-bucket-allocator-bucket-count=8"
    "memorysetup-profiler-bucket-allocator-block-size=33554432"
    "memorysetup-profiler-bucket-allocator-block-count=8"
    "memorysetup-profiler-allocator-block-size=16777216"
    "memorysetup-profiler-editor-allocator-block-size=1048576"
    "memorysetup-temp-allocator-size-main=16777216"
    "memorysetup-job-temp-allocator-block-size=2097152"
    "memorysetup-job-temp-allocator-block-size-background=1048576"
    "memorysetup-job-temp-allocator-reduction-small-platforms=262144"
    "memorysetup-allocator-temp-initial-block-size-main=262144"
    "memorysetup-allocator-temp-initial-block-size-worker=262144"
    "memorysetup-temp-allocator-size-background-worker=32768"
    "memorysetup-temp-allocator-size-job-worker=262144"
    "memorysetup-temp-allocator-size-preload-manager=33554432"
    "memorysetup-temp-allocator-size-nav-mesh-worker=65536"
    "memorysetup-temp-allocator-size-audio-worker=65536"
    "memorysetup-temp-allocator-size-cloud-worker=32768"
    "memorysetup-temp-allocator-size-gi-baking-worker=262144"
    "memorysetup-temp-allocator-size-gfx=262144"
Player connection [6812] Host "[IP] 10.22.24.251 [Port] 0 [Flags] 2 [Guid] 1801490227 [EditorId] 1801490227 [Version] 1048832 [Id] WindowsEditor(7,DESKTOP-1FV3Q4E) [Debug] 1 [PackageName] WindowsEditor [ProjectName] Editor" joined multi-casting on [225.0.0.222:54997]...

Player connection [6812] Host "[IP] 10.22.24.251 [Port] 0 [Flags] 2 [Guid] 1801490227 [EditorId] 1801490227 [Version] 1048832 [Id] WindowsEditor(7,DESKTOP-1FV3Q4E) [Debug] 1 [PackageName] WindowsEditor [ProjectName] Editor" joined alternative multi-casting on [225.0.0.222:34997]...

Refreshing native plugins compatible for Editor in 1227.80 ms, found 3 plugins.
Preloading 0 native plugins for Editor in 0.00 ms.
Initialize engine version: 2022.3.2f1 (d74737c6db50)
[Subsystems] Discovering subsystems at path C:/Program Files/Unity/Hub/Editor/2022.3.2f1/Editor/Data/Resources/UnitySubsystems
[Subsystems] Discovering subsystems at path D:/Fork/MDPR/MusoDolf_01/Assets
GfxDevice: creating device client; threaded=0; jobified=0
Direct3D:
    Version:  Direct3D 11.0 [level 11.1]
    Renderer: Intel(R) UHD Graphics 630 (ID=0x3e92)
    Vendor:   Intel
    VRAM:     1990 MB
    Driver:   25.20.100.6519
Initialize mono
Mono path[0] = 'C:/Program Files/Unity/Hub/Editor/2022.3.2f1/Editor/Data/Managed'
Mono path[1] = 'C:/Program Files/Unity/Hub/Editor/2022.3.2f1/Editor/Data/MonoBleedingEdge/lib/mono/unityjit-win32'
Mono config path = 'C:/Program Files/Unity/Hub/Editor/2022.3.2f1/Editor/Data/MonoBleedingEdge/etc'
Using monoOptions --debugger-agent=transport=dt_socket,embedding=1,server=y,suspend=n,address=127.0.0.1:56528
Begin MonoManager ReloadAssembly
Registering precompiled unity dll's ...
Register platform support module: C:/Program Files/Unity/Hub/Editor/2022.3.2f1/Editor/Data/PlaybackEngines/WindowsStandaloneSupport/UnityEditor.WindowsStandalone.Extensions.dll
Registered in 0.052589 seconds.
- Loaded All Assemblies, in  1.201 seconds
Native extension for WindowsStandalone target not found
Mono: successfully reloaded assembly
- Finished resetting the current domain, in  0.387 seconds
Domain Reload Profiling: 1582ms
	BeginReloadAssembly (485ms)
		ExecutionOrderSort (0ms)
		DisableScriptedObjects (0ms)
		BackupInstance (0ms)
		ReleaseScriptingObjects (0ms)
		CreateAndSetChildDomain (1ms)
	RebuildCommonClasses (90ms)
	RebuildNativeTypeToScriptingClass (13ms)
	initialDomainReloadingComplete (284ms)
	LoadAllAssembliesAndSetupDomain (322ms)
		LoadAssemblies (468ms)
		RebuildTransferFunctionScriptingTraits (0ms)
		AnalyzeDomain (302ms)
			TypeCache.Refresh (301ms)
				TypeCache.ScanAssembly (256ms)
			ScanForSourceGeneratedMonoScriptInfo (0ms)
			ResolveRequiredComponents (0ms)
	FinalizeReload (388ms)
		ReleaseScriptCaches (0ms)
		RebuildScriptCaches (0ms)
		SetupLoadedEditorAssemblies (298ms)
			LogAssemblyErrors (0ms)
			InitializePlatformSupportModulesInManaged (18ms)
			SetLoadedEditorAssemblies (11ms)
			RefreshPlugins (0ms)
			BeforeProcessingInitializeOnLoad (3ms)
			ProcessInitializeOnLoadAttributes (178ms)
			ProcessInitializeOnLoadMethodAttributes (87ms)
			AfterProcessingInitializeOnLoad (0ms)
			EditorAssembliesLoaded (0ms)
		ExecutionOrderSort2 (0ms)
		AwakeInstancesAfterBackupRestoration (0ms)
========================================================================
Worker process is ready to serve import requests
Begin MonoManager ReloadAssembly
Symbol file LoadedFromMemory doesn't match image D:\Fork\MDPR\MusoDolf_01\Library\PackageCache\com.unity.visualscripting@1.8.0\Editor\VisualScripting.Core\Dependencies\YamlDotNet\Unity.VisualScripting.YamlDotNet.dll
Symbol file LoadedFromMemory doesn't match image D:\Fork\MDPR\MusoDolf_01\Library\PackageCache\com.unity.visualscripting@1.8.0\Editor\VisualScripting.Core\Dependencies\DotNetZip\Unity.VisualScripting.IonicZip.dll
Symbol file LoadedFromMemory is not a mono symbol file
- Loaded All Assemblies, in  6.569 seconds
Refreshing native plugins compatible for Editor in 159.07 ms, found 3 plugins.
Native extension for WindowsStandalone target not found
Mono: successfully reloaded assembly
- Finished resetting the current domain, in  1.041 seconds
Domain Reload Profiling: 7497ms
	BeginReloadAssembly (444ms)
		ExecutionOrderSort (0ms)
		DisableScriptedObjects (8ms)
		BackupInstance (0ms)
		ReleaseScriptingObjects (0ms)
		CreateAndSetChildDomain (45ms)
	RebuildCommonClasses (61ms)
	RebuildNativeTypeToScriptingClass (16ms)
	initialDomainReloadingComplete (160ms)
	LoadAllAssembliesAndSetupDomain (5775ms)
		LoadAssemblies (5580ms)
		RebuildTransferFunctionScriptingTraits (0ms)
		AnalyzeDomain (495ms)
			TypeCache.Refresh (450ms)
				TypeCache.ScanAssembly (433ms)
			ScanForSourceGeneratedMonoScriptInfo (34ms)
			ResolveRequiredComponents (11ms)
	FinalizeReload (1042ms)
		ReleaseScriptCaches (0ms)
		RebuildScriptCaches (0ms)
		SetupLoadedEditorAssemblies (858ms)
			LogAssemblyErrors (0ms)
			InitializePlatformSupportModulesInManaged (11ms)
			SetLoadedEditorAssemblies (6ms)
			RefreshPlugins (0ms)
			BeforeProcessingInitializeOnLoad (116ms)
			ProcessInitializeOnLoadAttributes (498ms)
			ProcessInitializeOnLoadMethodAttributes (206ms)
			AfterProcessingInitializeOnLoad (20ms)
			EditorAssembliesLoaded (0ms)
		ExecutionOrderSort2 (0ms)
		AwakeInstancesAfterBackupRestoration (16ms)
Launched and connected shader compiler UnityShaderCompiler.exe after 1.01 seconds
Refreshing native plugins compatible for Editor in 512.15 ms, found 3 plugins.
Preloading 0 native plugins for Editor in 0.00 ms.
Unloading 6288 Unused Serialized files (Serialized files now loaded: 0)
Unloading 118 unused Assets / (436.1 KB). Loaded Objects now: 6720.
Memory consumption went from 227.8 MB to 227.4 MB.
Total: 8.131900 ms (FindLiveObjects: 0.546800 ms CreateObjectMapping: 0.428400 ms MarkObjects: 6.822900 ms  DeleteObjects: 0.332700 ms)

AssetImportParameters requested are different than current active one (requested -> active):
  custom:container-demuxer-ogg: 62fdf1f143b41e24485cea50d1cbac27 -> 
  custom:video-decoder-ogg-theora: a1e56fd34408186e4bbccfd4996cb3dc -> 
  custom:framework-win-MediaFoundation: 216162199b28c13a410421893ffa2e32 -> 
  custom:container-demuxer-webm: 4f35f7cbe854078d1ac9338744f61a02 -> 
  custom:container-muxer-webm: aa71ff27fc2769a1b78a27578f13a17b -> 
  custom:video-decoder-webm-vp8: 9c59270c3fd7afecdb556c50c9e8de78 -> 
  custom:AudioImporter_EditorPlatform: d09bf68614088b80899f8185d706f6e7 -> 
  custom:video-encoder-webm-vp8: eb34c28f22e8b96e1ab97ce403110664 -> 
  custom:audio-decoder-ogg-vorbis: bf7c407c2cedff20999df2af8eb42d56 -> 
  custom:audio-encoder-webm-vorbis: bf7c407c2cedff20999df2af8eb42d56 -> 
========================================================================
Received Import Request.
  Time since last request: 200344.472404 seconds.
  path: Assets/2_Scripts/Weapon.cs
  artifactKey: Guid(4a6cda55970c63a43b433dbf8c023dda) Importer(815301076,1909f56bfc062723c751e8b465ee728b)
Start importing Assets/2_Scripts/Weapon.cs using Guid(4a6cda55970c63a43b433dbf8c023dda) Importer(815301076,1909f56bfc062723c751e8b465ee728b)  -> (artifact id: '9793d598e249d90a87d5a5a49bc95d6b') in 0.006442 seconds
Number of updated asset objects reloaded before import = 0
Number of asset objects unloaded after import = 0
========================================================================
Received Import Request.
  Time since last request: 310.696356 seconds.
  path: Assets/2_Scripts/Weapon.cs
  artifactKey: Guid(4a6cda55970c63a43b433dbf8c023dda) Importer(815301076,1909f56bfc062723c751e8b465ee728b)
Start importing Assets/2_Scripts/Weapon.cs using Guid(4a6cda55970c63a43b433dbf8c023dda) Importer(815301076,1909f56bfc062723c751e8b465ee728b)  -> (artifact id: '6c8286b98a96b1bb396c269b090ac689') in 0.471159 seconds
Number of updated asset objects reloaded before import = 0
Number of asset objects unloaded after import = 0
========================================================================
Received Import Request.
  Time since last request: 75.938844 seconds.
  path: Assets/2_Scripts/Weapon.cs
  artifactKey: Guid(4a6cda55970c63a43b433dbf8c023dda) Importer(815301076,1909f56bfc062723c751e8b465ee728b)
Start importing Assets/2_Scripts/Weapon.cs using Guid(4a6cda55970c63a43b433dbf8c023dda) Importer(815301076,1909f56bfc062723c751e8b465ee728b)  -> (artifact id: '3f4862619af08f5691d070cf913d4bfc') in 0.042757 seconds
Number of updated asset objects reloaded before import = 0
Number of asset objects unloaded after import = 0
========================================================================
Received Import Request.
  Time since last request: 204.716311 seconds.
  path: Assets/2_Scripts/Weapon.cs
  artifactKey: Guid(4a6cda55970c63a43b433dbf8c023dda) Importer(815301076,1909f56bfc062723c751e8b465ee728b)
Start importing Assets/2_Scripts/Weapon.cs using Guid(4a6cda55970c63a43b433dbf8c023dda) Importer(815301076,1909f56bfc062723c751e8b465ee728b)  -> (artifact id: '52e01bfce73535f72c88f5416a889a9f') in 0.934999 seconds
Number of updated asset objects reloaded before import = 0
Number of asset objects unloaded after import = 0
========================================================================
Received Import Request.
  Time since last request: 74.665828 seconds.
  path: Assets/2_Scripts/Weapon.cs
  artifactKey: Guid(4a6cda55970c63a43b433dbf8c023dda) Importer(815301076,1909f56bfc062723c751e8b465ee728b)
Start importing Assets/2_Scripts/Weapon.cs using Guid(4a6cda55970c63a43b433dbf8c023dda) Importer(815301076,1909f56bfc062723c751e8b465ee728b)  -> (artifact id: 'd976752998bb79eeafc2481eb4eb12ff') in 0.088228 seconds
Number of updated asset objects reloaded before import = 0
Number of asset objects unloaded after import = 0
========================================================================
Received Import Request.
  Time since last request: 11.192747 seconds.
  path: Assets/2_Scripts/Weapon.cs
  artifactKey: Guid(4a6cda55970c63a43b433dbf8c023dda) Importer(815301076,1909f56bfc062723c751e8b465ee728b)
Start importing Assets/2_Scripts/Weapon.cs using Guid(4a6cda55970c63a43b433dbf8c023dda) Importer(815301076,1909f56bfc062723c751e8b465ee728b)  -> (artifact id: '00000000000000000000000000000000') in 0.748664 seconds
Import Error Code:(4)
Message: Build asset version error: assets/2_scripts/weapon.cs in SourceAssetDB has modification time of '2023-11-29T07:27:10.368274Z' while content on disk has modification time of '2023-11-29T07:27:30.1973824Z'
  ERROR: Build asset version error: assets/2_scripts/weapon.cs in SourceAssetDB has modification time of '2023-11-29T07:27:10.368274Z' while content on disk has modification time of '2023-11-29T07:27:30.1973824Z'
Number of updated asset objects reloaded before import = 0
Number of asset objects unloaded after import = 0
========================================================================
Received Import Request.
  Time since last request: 4.218943 seconds.
  path: Assets/2_Scripts/Weapon.cs
  artifactKey: Guid(4a6cda55970c63a43b433dbf8c023dda) Importer(815301076,1909f56bfc062723c751e8b465ee728b)
Start importing Assets/2_Scripts/Weapon.cs using Guid(4a6cda55970c63a43b433dbf8c023dda) Importer(815301076,1909f56bfc062723c751e8b465ee728b)  -> (artifact id: '00000000000000000000000000000000') in 0.079654 seconds
Import Error Code:(4)
Message: Build asset version error: assets/2_scripts/weapon.cs in SourceAssetDB has modification time of '2023-11-29T07:27:30.1973824Z' while content on disk has modification time of '2023-11-29T07:27:30.7595058Z'
  ERROR: Build asset version error: assets/2_scripts/weapon.cs in SourceAssetDB has modification time of '2023-11-29T07:27:30.1973824Z' while content on disk has modification time of '2023-11-29T07:27:30.7595058Z'
Number of updated asset objects reloaded before import = 0
Number of asset objects unloaded after import = 0
========================================================================
Received Import Request.
  Time since last request: 3.495113 seconds.
  path: Assets/2_Scripts/Weapon.cs
  artifactKey: Guid(4a6cda55970c63a43b433dbf8c023dda) Importer(815301076,1909f56bfc062723c751e8b465ee728b)
Start importing Assets/2_Scripts/Weapon.cs using Guid(4a6cda55970c63a43b433dbf8c023dda) Importer(815301076,1909f56bfc062723c751e8b465ee728b)  -> (artifact id: '00000000000000000000000000000000') in 0.043635 seconds
Import Error Code:(4)
Message: Build asset version error: assets/2_scripts/weapon.cs in SourceAssetDB has modification time of '2023-11-29T07:27:30.1973824Z' while content on disk has modification time of '2023-11-29T07:27:36.6231539Z'
  ERROR: Build asset version error: assets/2_scripts/weapon.cs in SourceAssetDB has modification time of '2023-11-29T07:27:30.1973824Z' while content on disk has modification time of '2023-11-29T07:27:36.6231539Z'
Number of updated asset objects reloaded before import = 0
Number of asset objects unloaded after import = 0
========================================================================
Received Import Request.
  Time since last request: 0.152093 seconds.
  path: Assets/2_Scripts/Weapon.cs
  artifactKey: Guid(4a6cda55970c63a43b433dbf8c023dda) Importer(815301076,1909f56bfc062723c751e8b465ee728b)
Start importing Assets/2_Scripts/Weapon.cs using Guid(4a6cda55970c63a43b433dbf8c023dda) Importer(815301076,1909f56bfc062723c751e8b465ee728b)  -> (artifact id: '887b4b14a4b241c97c6c62531a753a71') in 0.000868 seconds
Number of updated asset objects reloaded before import = 0
Number of asset objects unloaded after import = 0
========================================================================
Received Prepare
Begin MonoManager ReloadAssembly
Symbol file LoadedFromMemory doesn't match image D:\Fork\MDPR\MusoDolf_01\Library\PackageCache\com.unity.visualscripting@1.8.0\Editor\VisualScripting.Core\Dependencies\YamlDotNet\Unity.VisualScripting.YamlDotNet.dll
Symbol file LoadedFromMemory doesn't match image D:\Fork\MDPR\MusoDolf_01\Library\PackageCache\com.unity.visualscripting@1.8.0\Editor\VisualScripting.Core\Dependencies\DotNetZip\Unity.VisualScripting.IonicZip.dll
Symbol file LoadedFromMemory is not a mono symbol file
- Loaded All Assemblies, in 23.250 seconds
Refreshing native plugins compatible for Editor in 200.28 ms, found 3 plugins.
Native extension for WindowsStandalone target not found
Mono: successfully reloaded assembly
- Finished resetting the current domain, in 86.656 seconds
Domain Reload Profiling: 109906ms
	BeginReloadAssembly (7873ms)
		ExecutionOrderSort (1ms)
		DisableScriptedObjects (600ms)
		BackupInstance (0ms)
		ReleaseScriptingObjects (50ms)
		CreateAndSetChildDomain (4679ms)
	RebuildCommonClasses (83ms)
	RebuildNativeTypeToScriptingClass (12ms)
	initialDomainReloadingComplete (129ms)
	LoadAllAssembliesAndSetupDomain (15146ms)
		LoadAssemblies (10681ms)
		RebuildTransferFunctionScriptingTraits (0ms)
		AnalyzeDomain (4291ms)
			TypeCache.Refresh (3983ms)
				TypeCache.ScanAssembly (2534ms)
			ScanForSourceGeneratedMonoScriptInfo (255ms)
			ResolveRequiredComponents (53ms)
	FinalizeReload (86664ms)
		ReleaseScriptCaches (0ms)
		RebuildScriptCaches (0ms)
		SetupLoadedEditorAssemblies (2869ms)
			LogAssemblyErrors (0ms)
			InitializePlatformSupportModulesInManaged (284ms)
			SetLoadedEditorAssemblies (154ms)
			RefreshPlugins (0ms)
			BeforeProcessingInitializeOnLoad (1061ms)
			ProcessInitializeOnLoadAttributes (984ms)
			ProcessInitializeOnLoadMethodAttributes (323ms)
			AfterProcessingInitializeOnLoad (39ms)
			EditorAssembliesLoaded (24ms)
		ExecutionOrderSort2 (0ms)
		AwakeInstancesAfterBackupRestoration (41ms)
Refreshing native plugins compatible for Editor in 349.38 ms, found 3 plugins.
Preloading 0 native plugins for Editor in 0.00 ms.
Unloading 6138 Unused Serialized files (Serialized files now loaded: 0)
Unloading 75 unused Assets / (405.9 KB). Loaded Objects now: 6736.
Memory consumption went from 202.5 MB to 202.1 MB.
Total: 135.052800 ms (FindLiveObjects: 1.102000 ms CreateObjectMapping: 0.409500 ms MarkObjects: 133.335500 ms  DeleteObjects: 0.204300 ms)

Prepare: number of updated asset objects reloaded= 0
AssetImportParameters requested are different than current active one (requested -> active):
  custom:container-demuxer-ogg: 62fdf1f143b41e24485cea50d1cbac27 -> 
  custom:video-decoder-ogg-theora: a1e56fd34408186e4bbccfd4996cb3dc -> 
  custom:framework-win-MediaFoundation: 216162199b28c13a410421893ffa2e32 -> 
  custom:container-demuxer-webm: 4f35f7cbe854078d1ac9338744f61a02 -> 
  custom:container-muxer-webm: aa71ff27fc2769a1b78a27578f13a17b -> 
  custom:video-decoder-webm-vp8: 9c59270c3fd7afecdb556c50c9e8de78 -> 
  custom:AudioImporter_EditorPlatform: d09bf68614088b80899f8185d706f6e7 -> 
  custom:video-encoder-webm-vp8: eb34c28f22e8b96e1ab97ce403110664 -> 
  custom:audio-decoder-ogg-vorbis: bf7c407c2cedff20999df2af8eb42d56 -> 
  custom:audio-encoder-webm-vorbis: bf7c407c2cedff20999df2af8eb42d56 -> 
